<?xml version="1.0" encoding="UTF-8"?>
<!-- Generated by org.testng.reporters.JUnitXMLReporter -->
<testsuite hostname="This-PC" ignored="0" name="Default test" tests="7" failures="0" timestamp="2021-11-29T13:10:54 IST" time="1.698" errors="0">
  <testcase name="ValidateCustomer" time="0.024" classname="com.TestCases.TC_001"/>
  <testcase name="ValidateCustomer" time="0.005" classname="com.TestCases.TC_001"/>
  <testcase name="ValidateCustomer" time="0.005" classname="com.TestCases.TC_001"/>
  <testcase name="ValidateCustomer" time="0.007" classname="com.TestCases.TC_001"/>
  <testcase name="ValidateCustomer" time="0.005" classname="com.TestCases.TC_001"/>
  <testcase name="ValidateCustomer" time="0.005" classname="com.TestCases.TC_001"/>
  <testcase name="ValidateCustomer" time="0.007" classname="com.TestCases.TC_001"/>
</testsuite> <!-- Default test -->
