<?xml version="1.0" encoding="UTF-8"?>
<testng-results skipped="0" failed="0" ignored="0" total="7" passed="7">
  <reporter-output>
  </reporter-output>
  <suite name="Default suite" duration-ms="1698" started-at="2021-11-29T13:10:52 IST" finished-at="2021-11-29T13:10:54 IST">
    <groups>
    </groups>
    <test name="Default test" duration-ms="1698" started-at="2021-11-29T13:10:52 IST" finished-at="2021-11-29T13:10:54 IST">
      <class name="com.TestCases.TC_001">
        <test-method status="PASS" signature="ValidateCustomer(java.util.Hashtable)[pri:0, instance:com.TestCases.TC_001@26aa12dd]" name="ValidateCustomer" duration-ms="24" started-at="2021-11-29T13:10:54 IST" data-provider="testdata" finished-at="2021-11-29T13:10:54 IST">
          <params>
            <param index="0">
              <value>
                <![CDATA[{ID=600220}]]>
              </value>
            </param>
          </params>
          <reporter-output>
          </reporter-output>
        </test-method> <!-- ValidateCustomer -->
        <test-method status="PASS" signature="ValidateCustomer(java.util.Hashtable)[pri:0, instance:com.TestCases.TC_001@26aa12dd]" name="ValidateCustomer" duration-ms="5" started-at="2021-11-29T13:10:54 IST" data-provider="testdata" finished-at="2021-11-29T13:10:54 IST">
          <params>
            <param index="0">
              <value>
                <![CDATA[{ID=600221}]]>
              </value>
            </param>
          </params>
          <reporter-output>
          </reporter-output>
        </test-method> <!-- ValidateCustomer -->
        <test-method status="PASS" signature="ValidateCustomer(java.util.Hashtable)[pri:0, instance:com.TestCases.TC_001@26aa12dd]" name="ValidateCustomer" duration-ms="5" started-at="2021-11-29T13:10:54 IST" data-provider="testdata" finished-at="2021-11-29T13:10:54 IST">
          <params>
            <param index="0">
              <value>
                <![CDATA[{ID=600222}]]>
              </value>
            </param>
          </params>
          <reporter-output>
          </reporter-output>
        </test-method> <!-- ValidateCustomer -->
        <test-method status="PASS" signature="ValidateCustomer(java.util.Hashtable)[pri:0, instance:com.TestCases.TC_001@26aa12dd]" name="ValidateCustomer" duration-ms="7" started-at="2021-11-29T13:10:54 IST" data-provider="testdata" finished-at="2021-11-29T13:10:54 IST">
          <params>
            <param index="0">
              <value>
                <![CDATA[{ID=600223}]]>
              </value>
            </param>
          </params>
          <reporter-output>
          </reporter-output>
        </test-method> <!-- ValidateCustomer -->
        <test-method status="PASS" signature="ValidateCustomer(java.util.Hashtable)[pri:0, instance:com.TestCases.TC_001@26aa12dd]" name="ValidateCustomer" duration-ms="5" started-at="2021-11-29T13:10:54 IST" data-provider="testdata" finished-at="2021-11-29T13:10:54 IST">
          <params>
            <param index="0">
              <value>
                <![CDATA[{ID=600224}]]>
              </value>
            </param>
          </params>
          <reporter-output>
          </reporter-output>
        </test-method> <!-- ValidateCustomer -->
        <test-method status="PASS" signature="ValidateCustomer(java.util.Hashtable)[pri:0, instance:com.TestCases.TC_001@26aa12dd]" name="ValidateCustomer" duration-ms="5" started-at="2021-11-29T13:10:54 IST" data-provider="testdata" finished-at="2021-11-29T13:10:54 IST">
          <params>
            <param index="0">
              <value>
                <![CDATA[{ID=600225}]]>
              </value>
            </param>
          </params>
          <reporter-output>
          </reporter-output>
        </test-method> <!-- ValidateCustomer -->
        <test-method status="PASS" signature="ValidateCustomer(java.util.Hashtable)[pri:0, instance:com.TestCases.TC_001@26aa12dd]" name="ValidateCustomer" duration-ms="7" started-at="2021-11-29T13:10:54 IST" data-provider="testdata" finished-at="2021-11-29T13:10:54 IST">
          <params>
            <param index="0">
              <value>
                <![CDATA[{ID=600226}]]>
              </value>
            </param>
          </params>
          <reporter-output>
          </reporter-output>
        </test-method> <!-- ValidateCustomer -->
      </class> <!-- com.TestCases.TC_001 -->
    </test> <!-- Default test -->
  </suite> <!-- Default suite -->
</testng-results>
